<?xml version="1.0" encoding="UTF-8"?>
<testng-results ignored="0" total="6" passed="6" failed="0" skipped="0">
  <reporter-output>
  </reporter-output>
  <suite started-at="2024-04-16T11:08:02 OMST" name="Surefire suite" finished-at="2024-04-16T11:08:12 OMST" duration-ms="9526">
    <groups>
    </groups>
    <test started-at="2024-04-16T11:08:02 OMST" name="Surefire test" finished-at="2024-04-16T11:08:12 OMST" duration-ms="9526">
      <class name="MainTest">
        <test-method signature="test1()[pri:0, instance:MainTest@4b168fa9]" started-at="2024-04-16T11:08:02 OMST" name="test1" finished-at="2024-04-16T11:08:07 OMST" duration-ms="4495" status="PASS">
          <reporter-output>
          </reporter-output>
        </test-method> <!-- test1 -->
        <test-method signature="testDeleteRequestError()[pri:0, instance:MainTest@4b168fa9]" started-at="2024-04-16T11:08:07 OMST" name="testDeleteRequestError" finished-at="2024-04-16T11:08:07 OMST" duration-ms="908" status="PASS">
          <reporter-output>
          </reporter-output>
        </test-method> <!-- testDeleteRequestError -->
        <test-method signature="testGet()[pri:0, instance:MainTest@4b168fa9]" started-at="2024-04-16T11:08:07 OMST" name="testGet" finished-at="2024-04-16T11:08:08 OMST" duration-ms="897" status="PASS">
          <reporter-output>
          </reporter-output>
        </test-method> <!-- testGet -->
        <test-method signature="testGetNotFoundPet()[pri:0, instance:MainTest@4b168fa9]" started-at="2024-04-16T11:08:08 OMST" name="testGetNotFoundPet" finished-at="2024-04-16T11:08:09 OMST" duration-ms="887" status="PASS">
          <reporter-output>
          </reporter-output>
        </test-method> <!-- testGetNotFoundPet -->
        <test-method signature="testPut()[pri:0, instance:MainTest@4b168fa9]" started-at="2024-04-16T11:08:09 OMST" name="testPut" finished-at="2024-04-16T11:08:11 OMST" duration-ms="1356" status="PASS">
          <reporter-output>
          </reporter-output>
        </test-method> <!-- testPut -->
        <test-method signature="testPutRequest()[pri:0, instance:MainTest@4b168fa9]" started-at="2024-04-16T11:08:11 OMST" name="testPutRequest" finished-at="2024-04-16T11:08:12 OMST" duration-ms="896" status="PASS">
          <reporter-output>
          </reporter-output>
        </test-method> <!-- testPutRequest -->
      </class> <!-- MainTest -->
    </test> <!-- Surefire test -->
  </suite> <!-- Surefire suite -->
</testng-results>
